<?xml version="1.0" encoding="UTF-8" ?>
<testsuite tests="9" failures="0" name="com.basic.dataTableSD.RundataTableTest" time="0.037" errors="0" skipped="0">
  <properties>
[...]
</properties>
  <testcase classname="Validate create user multiple fields" name="User need to be on facebook login page" time="0.001"/>
  <testcase classname="Validate create user multiple fields" name="User enters user &quot;Saraswati&quot; first name" time="0.001"/>
  <testcase classname="Validate create user multiple fields" name="User enters user &quot;Dalabehera1&quot; surname" time="0.001"/>
  <testcase classname="Validate create user multiple fields" name="User checks user &quot;Saraswati&quot; first name is present" time="0.002"/>
  <testcase classname="Validate create user multiple fields" name="User checks user &quot;Dalabehera1&quot; last name is present" time="0"/>
  <testcase classname="Validate create user multiple fields" name="Validate create user multiple fields" time="0.008"/>
  <testcase classname="DataTable example" name="User need to be on facebook login page" time="0"/>
  <testcase classname="DataTable example" name="Enter follwing data" time="0.008"/>
  <testcase classname="DataTable example" name="DataTable example" time="0.016"/>
</testsuite>